###### 
Sun Jul 23 01:15:36 CEST 2017 Start COM3
! STARTING
SEND FF 02 02 F0 01 4D 6D 0A 03 
SEND FF 02 02 F0 01 4D 6D 0A 03 
[Debug] Fragment
[Debug] Fragment
[Debug] Fragment
[Debug] Fragment
READ 02 F0 03 00 12 4D 8D 78 03 
SEND 02 83 02 74 01 04 14 03 
--> CONFIG_CHECK
[Debug] Fragment
[Debug] Fragment
[Debug] Fragment
[Debug] Fragment
[Debug] Fragment
[Debug] Fragment
[Debug] Fragment
READ 02 83 04 00 12 74 05 30 1B 03 
SEND 02 83 02 33 01 16 11 03 
--> SI6_CARDBLOCKS_SETTING
[Debug] Fragment
[Debug] Fragment
READ 02 83 04 00 12 33 C1 A0 85 03 
[Info] SiCard6 192 Punches Mode Disabled
SEND 02 F9 01 02 14 0A 03 
! ON
--> DISPATCH_READY
! READY
[Debug] Fragment
[Debug] Fragment
[Debug] Fragment
[Debug] Fragment
READ 02 F9 03 00 12 02 76 78 03 
! PROCESSING
--> DISPATCH_READY
! READY
[Debug] Fragment
[Debug] Fragment
READ 02 E8 06 00 12 02 20 30 AC 8A 2F 03 
! PROCESSING
--> RETRIEVE_SICARD_8_9_DATA
SEND 02 EF 01 00 E2 09 03 
[Debug] Fragment
[Debug] Fragment
[Debug] Fragment
[Debug] Fragment
[Debug] Fragment
[Debug] Fragment
[Debug] Fragment
[Debug] Fragment
[Debug] Fragment
[Debug] Fragment
[Debug] Fragment
[Debug] Fragment
[Debug] Fragment
[Debug] Fragment
[Debug] Fragment
[Debug] Fragment
[Debug] Fragment
[Debug] Fragment
[Debug] Fragment
[Debug] Fragment
[Debug] Fragment
[Debug] Fragment
[Debug] Fragment
[Debug] Fragment
[Debug] Fragment
[Debug] Fragment
[Debug] Fragment
[Debug] Fragment
[Debug] Fragment
[Debug] Fragment
[Debug] Fragment
[Debug] Fragment
[Debug] Fragment
[Debug] Fragment
[Debug] Fragment
[Debug] Fragment
[Debug] Fragment
[Debug] Fragment
[Debug] Fragment
[Debug] Fragment
[Debug] Fragment
[Debug] Fragment
[Debug] Fragment
[Debug] Fragment
[Debug] Fragment
[Debug] Fragment
[Debug] Fragment
[Debug] Fragment
[Debug] Fragment
[Debug] Fragment
[Debug] Fragment
[Debug] Fragment
[Debug] Fragment
[Debug] Fragment
[Debug] Fragment
READ 02 EF 83 00 12 00 5F E5 66 8E EA EA EA EA 36 02 94 09 36 03 9E EF 37 04 25 5C 00 9C 11 02 02 20 30 AC 0C FF 7F 3D 2E 3B 55 4E 53 53 20 56 65 6E 64 65 65 3B 00 00 49 44 3B 00 00 00 00 00 00 00 00 00 00 00 00 00 00 00 00 00 00 00 00 00 00 00 00 00 00 00 00 00 00 00 00 00 00 00 00 00 00 00 00 00 00 00 00 00 00 00 00 00 00 00 00 00 00 00 00 00 00 00 00 00 00 00 00 00 00 00 00 00 00 00 00 00 00 00 00 00 1E 50 03 
SEND 02 EF 01 01 E3 09 03 
[Debug] Fragment
[Debug] Fragment
[Debug] Fragment
[Debug] Fragment
[Debug] Fragment
[Debug] Fragment
[Debug] Fragment
[Debug] Fragment
[Debug] Fragment
[Debug] Fragment
[Debug] Fragment
[Debug] Fragment
[Debug] Fragment
[Debug] Fragment
[Debug] Fragment
[Debug] Fragment
[Debug] Fragment
[Debug] Fragment
[Debug] Fragment
[Debug] Fragment
[Debug] Fragment
[Debug] Fragment
[Debug] Fragment
[Debug] Fragment
[Debug] Fragment
[Debug] Fragment
[Debug] Fragment
[Debug] Fragment
[Debug] Fragment
[Debug] Fragment
[Debug] Fragment
[Debug] Fragment
[Debug] Fragment
[Debug] Fragment
[Debug] Fragment
[Debug] Fragment
[Debug] Fragment
[Debug] Fragment
[Debug] Fragment
[Debug] Fragment
[Debug] Fragment
[Debug] Fragment
[Debug] Fragment
[Debug] Fragment
[Debug] Fragment
[Debug] Fragment
[Debug] Fragment
[Debug] Fragment
[Debug] Fragment
[Debug] Fragment
[Debug] Fragment
[Debug] Fragment
[Debug] Fragment
[Debug] Fragment
[Debug] Fragment
READ 02 EF 83 00 12 01 00 00 00 00 00 00 00 00 36 67 9F 7D 06 68 A0 1B 36 66 A0 CA 37 6F 00 B6 37 71 01 99 37 70 05 69 37 6B 0A 31 37 6C 15 0B 37 97 16 A1 37 9E 17 65 37 98 18 69 37 99 19 52 37 9A 1A 77 37 9F 1B 78 37 A0 1C 85 37 9B 21 81 37 9C 22 96 EE EE EE EE EE EE EE EE EE EE EE EE EE EE EE EE EE EE EE EE EE EE EE EE EE EE EE EE EE EE EE EE EE EE EE EE EE EE EE EE EE EE EE EE EE EE EE EE EE EE EE EE 0E A5 03 
SEND 06 
--> WAIT_SICARD_REMOVAL
[Debug] Fragment
[Debug] Fragment
[Debug] Fragment
[Debug] Fragment
[Debug] Fragment
[Debug] Fragment
[Debug] Fragment
READ 02 E7 06 00 12 00 20 30 AC D2 0E 03 
--> DISPATCH_READY
! READY
###### 
Sun Jul 23 01:21:10 CEST 2017 Start COM3
! STARTING
SEND FF 02 02 F0 01 4D 6D 0A 03 
SEND FF 02 02 F0 01 4D 6D 0A 03 
[Debug] Fragment
[Debug] Fragment
[Debug] Fragment
[Debug] Fragment
READ 02 F0 03 00 12 4D 8D 78 03 
SEND 02 83 02 74 01 04 14 03 
--> CONFIG_CHECK
[Debug] Fragment
[Debug] Fragment
[Debug] Fragment
[Debug] Fragment
[Debug] Fragment
[Debug] Fragment
READ 02 83 04 00 12 74 05 30 1B 03 
SEND 02 83 02 33 01 16 11 03 
--> SI6_CARDBLOCKS_SETTING
[Debug] Fragment
[Debug] Fragment
[Debug] Fragment
READ 02 83 04 00 12 33 C1 A0 85 03 
[Info] SiCard6 192 Punches Mode Disabled
SEND 02 F9 01 02 14 0A 03 
! ON
--> DISPATCH_READY
! READY
[Debug] Fragment
READ 02 F9 03 00 12 02 76 78 03 
! PROCESSING
--> DISPATCH_READY
! READY
###### 
Sun Jul 23 01:21:36 CEST 2017 Start COM3
! STARTING
SEND FF 02 02 F0 01 4D 6D 0A 03 
SEND FF 02 02 F0 01 4D 6D 0A 03 
[Debug] Fragment
[Debug] Fragment
[Debug] Fragment
[Debug] Fragment
READ 02 F0 03 00 12 4D 8D 78 03 
SEND 02 83 02 74 01 04 14 03 
--> CONFIG_CHECK
[Debug] Fragment
READ 02 83 04 00 12 74 05 30 1B 03 
SEND 02 83 02 33 01 16 11 03 
--> SI6_CARDBLOCKS_SETTING
[Debug] Fragment
[Debug] Fragment
READ 02 83 04 00 12 33 C1 A0 85 03 
[Info] SiCard6 192 Punches Mode Disabled
SEND 02 F9 01 02 14 0A 03 
! ON
--> DISPATCH_READY
! READY
[Debug] Fragment
[Debug] Fragment
[Debug] Fragment
[Debug] Fragment
READ 02 F9 03 00 12 02 76 78 03 
! PROCESSING
--> DISPATCH_READY
! READY
###### 
Sun Jul 23 01:26:53 CEST 2017 Start COM3
! STARTING
SEND FF 02 02 F0 01 4D 6D 0A 03 
SEND FF 02 02 F0 01 4D 6D 0A 03 
[Debug] Fragment
[Debug] Fragment
READ 02 F0 03 00 12 4D 8D 78 03 
SEND 02 83 02 74 01 04 14 03 
--> CONFIG_CHECK
[Debug] Fragment
READ 02 83 04 00 12 74 05 30 1B 03 
SEND 02 83 02 33 01 16 11 03 
--> SI6_CARDBLOCKS_SETTING
[Debug] Fragment
[Debug] Fragment
[Debug] Fragment
READ 02 83 04 00 12 33 C1 A0 85 03 
[Info] SiCard6 192 Punches Mode Disabled
SEND 02 F9 01 02 14 0A 03 
! ON
--> DISPATCH_READY
! READY
[Debug] Fragment
[Debug] Fragment
[Debug] Fragment
READ 02 F9 03 00 12 02 76 78 03 
! PROCESSING
--> DISPATCH_READY
! READY
###### 
Sun Jul 23 01:27:29 CEST 2017 Start COM3
! STARTING
SEND FF 02 02 F0 01 4D 6D 0A 03 
SEND FF 02 02 F0 01 4D 6D 0A 03 
[Debug] Fragment
[Debug] Fragment
READ 02 F0 03 00 12 4D 8D 78 03 
SEND 02 83 02 74 01 04 14 03 
--> CONFIG_CHECK
[Debug] Fragment
[Debug] Fragment
[Debug] Fragment
[Debug] Fragment
READ 02 83 04 00 12 74 05 30 1B 03 
SEND 02 83 02 33 01 16 11 03 
--> SI6_CARDBLOCKS_SETTING
[Debug] Fragment
[Debug] Fragment
READ 02 83 04 00 12 33 C1 A0 85 03 
[Info] SiCard6 192 Punches Mode Disabled
SEND 02 F9 01 02 14 0A 03 
! ON
--> DISPATCH_READY
! READY
[Debug] Fragment
[Debug] Fragment
[Debug] Fragment
READ 02 F9 03 00 12 02 76 78 03 
! PROCESSING
--> DISPATCH_READY
! READY
! OFF
###### 
Sun Jul 23 01:27:39 CEST 2017 Start COM3
! STARTING
SEND FF 02 02 F0 01 4D 6D 0A 03 
SEND FF 02 02 F0 01 4D 6D 0A 03 
[Debug] Fragment
READ 02 F0 03 00 12 4D 8D 78 03 
SEND 02 83 02 74 01 04 14 03 
--> CONFIG_CHECK
[Debug] Fragment
[Debug] Fragment
READ 02 83 04 00 12 74 05 30 1B 03 
SEND 02 83 02 33 01 16 11 03 
--> SI6_CARDBLOCKS_SETTING
[Debug] Fragment
[Debug] Fragment
[Debug] Fragment
[Debug] Fragment
READ 02 83 04 00 12 33 C1 A0 85 03 
[Info] SiCard6 192 Punches Mode Disabled
SEND 02 F9 01 02 14 0A 03 
! ON
--> DISPATCH_READY
! READY
[Debug] Fragment
READ 02 F9 03 00 12 02 76 78 03 
! PROCESSING
--> DISPATCH_READY
! READY
! OFF
###### 
Sun Jul 23 01:27:47 CEST 2017 Start COM3
! STARTING
SEND FF 02 02 F0 01 4D 6D 0A 03 
SEND FF 02 02 F0 01 4D 6D 0A 03 
[Debug] Fragment
[Debug] Fragment
[Debug] Fragment
[Debug] Fragment
[Debug] Fragment
[Debug] Fragment
[Debug] Fragment
[Debug] Fragment
READ 02 F0 03 00 12 4D 8D 78 03 
SEND 02 83 02 74 01 04 14 03 
--> CONFIG_CHECK
[Debug] Fragment
[Debug] Fragment
[Debug] Fragment
[Debug] Fragment
READ 02 83 04 00 12 74 05 30 1B 03 
SEND 02 83 02 33 01 16 11 03 
--> SI6_CARDBLOCKS_SETTING
[Debug] Fragment
[Debug] Fragment
READ 02 83 04 00 12 33 C1 A0 85 03 
[Info] SiCard6 192 Punches Mode Disabled
SEND 02 F9 01 02 14 0A 03 
! ON
--> DISPATCH_READY
! READY
[Debug] Fragment
READ 02 F9 03 00 12 02 76 78 03 
! PROCESSING
--> DISPATCH_READY
! READY
[Debug] Fragment
[Debug] Fragment
[Debug] Fragment
READ 02 E8 06 00 12 02 20 30 AC 8A 2F 03 
! PROCESSING
--> RETRIEVE_SICARD_8_9_DATA
SEND 02 EF 01 00 E2 09 03 
[Debug] Fragment
[Debug] Fragment
[Debug] Fragment
[Debug] Fragment
[Debug] Fragment
[Debug] Fragment
[Debug] Fragment
[Debug] Fragment
[Debug] Fragment
[Debug] Fragment
[Debug] Fragment
[Debug] Fragment
[Debug] Fragment
[Debug] Fragment
[Debug] Fragment
[Debug] Fragment
[Debug] Fragment
[Debug] Fragment
[Debug] Fragment
[Debug] Fragment
[Debug] Fragment
[Debug] Fragment
[Debug] Fragment
[Debug] Fragment
[Debug] Fragment
[Debug] Fragment
[Debug] Fragment
[Debug] Fragment
[Debug] Fragment
[Debug] Fragment
[Debug] Fragment
[Debug] Fragment
[Debug] Fragment
[Debug] Fragment
[Debug] Fragment
[Debug] Fragment
[Debug] Fragment
[Debug] Fragment
[Debug] Fragment
[Debug] Fragment
[Debug] Fragment
[Debug] Fragment
[Debug] Fragment
[Debug] Fragment
[Debug] Fragment
[Debug] Fragment
[Debug] Fragment
[Debug] Fragment
[Debug] Fragment
[Debug] Fragment
[Debug] Fragment
[Debug] Fragment
[Debug] Fragment
[Debug] Fragment
READ 02 EF 83 00 12 00 5F E5 66 8E EA EA EA EA 36 02 94 09 36 03 9E EF 37 04 25 5C 00 9C 11 02 02 20 30 AC 0C FF 7F 3D 2E 3B 55 4E 53 53 20 56 65 6E 64 65 65 3B 00 00 49 44 3B 00 00 00 00 00 00 00 00 00 00 00 00 00 00 00 00 00 00 00 00 00 00 00 00 00 00 00 00 00 00 00 00 00 00 00 00 00 00 00 00 00 00 00 00 00 00 00 00 00 00 00 00 00 00 00 00 00 00 00 00 00 00 00 00 00 00 00 00 00 00 00 00 00 00 00 00 00 1E 50 03 
SEND 02 EF 01 01 E3 09 03 
[Debug] Fragment
[Debug] Fragment
[Debug] Fragment
[Debug] Fragment
[Debug] Fragment
[Debug] Fragment
[Debug] Fragment
[Debug] Fragment
[Debug] Fragment
[Debug] Fragment
[Debug] Fragment
[Debug] Fragment
[Debug] Fragment
[Debug] Fragment
[Debug] Fragment
[Debug] Fragment
[Debug] Fragment
[Debug] Fragment
[Debug] Fragment
[Debug] Fragment
[Debug] Fragment
[Debug] Fragment
[Debug] Fragment
[Debug] Fragment
[Debug] Fragment
[Debug] Fragment
[Debug] Fragment
[Debug] Fragment
[Debug] Fragment
[Debug] Fragment
[Debug] Fragment
[Debug] Fragment
[Debug] Fragment
[Debug] Fragment
[Debug] Fragment
[Debug] Fragment
[Debug] Fragment
[Debug] Fragment
[Debug] Fragment
[Debug] Fragment
[Debug] Fragment
[Debug] Fragment
[Debug] Fragment
[Debug] Fragment
[Debug] Fragment
[Debug] Fragment
[Debug] Fragment
[Debug] Fragment
[Debug] Fragment
[Debug] Fragment
[Debug] Fragment
READ 02 EF 83 00 12 01 00 00 00 00 00 00 00 00 36 67 9F 7D 06 68 A0 1B 36 66 A0 CA 37 6F 00 B6 37 71 01 99 37 70 05 69 37 6B 0A 31 37 6C 15 0B 37 97 16 A1 37 9E 17 65 37 98 18 69 37 99 19 52 37 9A 1A 77 37 9F 1B 78 37 A0 1C 85 37 9B 21 81 37 9C 22 96 EE EE EE EE EE EE EE EE EE EE EE EE EE EE EE EE EE EE EE EE EE EE EE EE EE EE EE EE EE EE EE EE EE EE EE EE EE EE EE EE EE EE EE EE EE EE EE EE EE EE EE EE 0E A5 03 
SEND 06 
--> WAIT_SICARD_REMOVAL
[Debug] Fragment
[Debug] Fragment
[Debug] Fragment
[Debug] Fragment
READ 02 E7 06 00 12 00 20 30 AC D2 0E 03 
--> DISPATCH_READY
! READY
###### 
Sun Jul 23 01:29:23 CEST 2017 Start COM3
! STARTING
SEND FF 02 02 F0 01 4D 6D 0A 03 
SEND FF 02 02 F0 01 4D 6D 0A 03 
[Debug] Fragment
[Debug] Fragment
[Debug] Fragment
[Debug] Fragment
READ 02 F0 03 00 12 4D 8D 78 03 
SEND 02 83 02 74 01 04 14 03 
--> CONFIG_CHECK
[Debug] Fragment
[Debug] Fragment
[Debug] Fragment
[Debug] Fragment
[Debug] Fragment
[Debug] Fragment
READ 02 83 04 00 12 74 05 30 1B 03 
SEND 02 83 02 33 01 16 11 03 
--> SI6_CARDBLOCKS_SETTING
[Debug] Fragment
[Debug] Fragment
[Debug] Fragment
READ 02 83 04 00 12 33 C1 A0 85 03 
[Info] SiCard6 192 Punches Mode Disabled
SEND 02 F9 01 02 14 0A 03 
! ON
--> DISPATCH_READY
! READY
[Debug] Fragment
[Debug] Fragment
[Debug] Fragment
[Debug] Fragment
[Debug] Fragment
READ 02 F9 03 00 12 02 76 78 03 
! PROCESSING
--> DISPATCH_READY
! READY
! OFF
###### 
Sun Jul 23 10:03:15 CEST 2017 Start /dev/ttyUSB0
! STARTING
SEND FF 02 02 F0 01 4D 6D 0A 03 
SEND FF 02 02 F0 01 4D 6D 0A 03 
[Debug] Fragment
READ 02 F0 03 00 12 4D 8D 78 03 
SEND 02 83 02 74 01 04 14 03 
--> CONFIG_CHECK
[Debug] Fragment
READ 02 83 04 00 12 74 05 30 1B 03 
SEND 02 83 02 33 01 16 11 03 
--> SI6_CARDBLOCKS_SETTING
[Debug] Fragment
READ 02 83 04 00 12 33 C1 A0 85 03 
[Info] SiCard6 192 Punches Mode Disabled
SEND 02 F9 01 02 14 0A 03 
! ON
--> DISPATCH_READY
! READY
[Debug] Fragment
READ 02 F9 03 00 12 02 76 78 03 
! PROCESSING
--> DISPATCH_READY
! READY
[Debug] Fragment
[Debug] Fragment
READ 02 E8 06 00 12 02 20 30 AC 8A 2F 03 
! PROCESSING
--> RETRIEVE_SICARD_8_9_DATA
SEND 02 EF 01 00 E2 09 03 
[Debug] Fragment
[Debug] Fragment
[Debug] Fragment
[Debug] Fragment
[Debug] Fragment
[Debug] Fragment
[Debug] Fragment
[Debug] Fragment
[Debug] Fragment
[Debug] Fragment
[Debug] Fragment
[Debug] Fragment
[Debug] Fragment
[Debug] Fragment
READ 02 EF 83 00 12 00 5F E5 66 8E EA EA EA EA 36 02 94 09 36 03 9E EF 37 04 25 5C 00 9C 11 02 02 20 30 AC 0C FF 7F 3D 2E 3B 55 4E 53 53 20 56 65 6E 64 65 65 3B 00 00 49 44 3B 00 00 00 00 00 00 00 00 00 00 00 00 00 00 00 00 00 00 00 00 00 00 00 00 00 00 00 00 00 00 00 00 00 00 00 00 00 00 00 00 00 00 00 00 00 00 00 00 00 00 00 00 00 00 00 00 00 00 00 00 00 00 00 00 00 00 00 00 00 00 00 00 00 00 00 00 00 1E 50 03 
SEND 02 EF 01 01 E3 09 03 
[Debug] Fragment
[Debug] Fragment
[Debug] Fragment
[Debug] Fragment
[Debug] Fragment
[Debug] Fragment
[Debug] Fragment
[Debug] Fragment
[Debug] Fragment
[Debug] Fragment
[Debug] Fragment
[Debug] Fragment
[Debug] Fragment
[Debug] Fragment
READ 02 EF 83 00 12 01 00 00 00 00 00 00 00 00 36 67 9F 7D 06 68 A0 1B 36 66 A0 CA 37 6F 00 B6 37 71 01 99 37 70 05 69 37 6B 0A 31 37 6C 15 0B 37 97 16 A1 37 9E 17 65 37 98 18 69 37 99 19 52 37 9A 1A 77 37 9F 1B 78 37 A0 1C 85 37 9B 21 81 37 9C 22 96 EE EE EE EE EE EE EE EE EE EE EE EE EE EE EE EE EE EE EE EE EE EE EE EE EE EE EE EE EE EE EE EE EE EE EE EE EE EE EE EE EE EE EE EE EE EE EE EE EE EE EE EE 0E A5 03 
SEND 06 
--> WAIT_SICARD_REMOVAL
[Debug] Fragment
[Debug] Fragment
READ 02 E7 06 00 12 00 20 30 AC D2 0E 03 
--> DISPATCH_READY
! READY
###### 
Sun Jul 23 10:04:39 CEST 2017 Start /dev/ttyUSB0
! STARTING
SEND FF 02 02 F0 01 4D 6D 0A 03 
SEND FF 02 02 F0 01 4D 6D 0A 03 
[Debug] Fragment
READ 02 F0 03 00 12 4D 8D 78 03 
SEND 02 83 02 74 01 04 14 03 
--> CONFIG_CHECK
[Debug] Fragment
READ 02 83 04 00 12 74 05 30 1B 03 
SEND 02 83 02 33 01 16 11 03 
--> SI6_CARDBLOCKS_SETTING
[Debug] Fragment
READ 02 83 04 00 12 33 C1 A0 85 03 
[Info] SiCard6 192 Punches Mode Disabled
SEND 02 F9 01 02 14 0A 03 
! ON
--> DISPATCH_READY
! READY
[Debug] Fragment
READ 02 F9 03 00 12 02 76 78 03 
! PROCESSING
--> DISPATCH_READY
! READY
! OFF
###### 
Sun Jul 23 10:17:58 CEST 2017 Start /dev/ttyUSB0
! STARTING
SEND FF 02 02 F0 01 4D 6D 0A 03 
SEND FF 02 02 F0 01 4D 6D 0A 03 
[Debug] Fragment
READ 02 F0 03 00 12 4D 8D 78 03 
SEND 02 83 02 74 01 04 14 03 
--> CONFIG_CHECK
[Debug] Fragment
READ 02 83 04 00 12 74 05 30 1B 03 
SEND 02 83 02 33 01 16 11 03 
--> SI6_CARDBLOCKS_SETTING
[Debug] Fragment
READ 02 83 04 00 12 33 C1 A0 85 03 
[Info] SiCard6 192 Punches Mode Disabled
SEND 02 F9 01 02 14 0A 03 
! ON
--> DISPATCH_READY
! READY
[Debug] Fragment
READ 02 F9 03 00 12 02 76 78 03 
! PROCESSING
--> DISPATCH_READY
! READY
###### 
Sun Jul 23 10:19:10 CEST 2017 Start /dev/ttyUSB0
! STARTING
SEND FF 02 02 F0 01 4D 6D 0A 03 
SEND FF 02 02 F0 01 4D 6D 0A 03 
[Debug] Fragment
READ 02 F0 03 00 12 4D 8D 78 03 
SEND 02 83 02 74 01 04 14 03 
--> CONFIG_CHECK
[Debug] Fragment
READ 02 83 04 00 12 74 05 30 1B 03 
SEND 02 83 02 33 01 16 11 03 
--> SI6_CARDBLOCKS_SETTING
[Debug] Fragment
READ 02 83 04 00 12 33 C1 A0 85 03 
[Info] SiCard6 192 Punches Mode Disabled
SEND 02 F9 01 02 14 0A 03 
! ON
--> DISPATCH_READY
! READY
[Debug] Fragment
READ 02 F9 03 00 12 02 76 78 03 
! PROCESSING
--> DISPATCH_READY
! READY
###### 
Sun Jul 23 10:19:45 CEST 2017 Start /dev/ttyUSB0
! STARTING
SEND FF 02 02 F0 01 4D 6D 0A 03 
SEND FF 02 02 F0 01 4D 6D 0A 03 
[Debug] Fragment
READ 02 F0 03 00 12 4D 8D 78 03 
SEND 02 83 02 74 01 04 14 03 
--> CONFIG_CHECK
[Debug] Fragment
READ 02 83 04 00 12 74 05 30 1B 03 
SEND 02 83 02 33 01 16 11 03 
--> SI6_CARDBLOCKS_SETTING
[Debug] Fragment
READ 02 83 04 00 12 33 C1 A0 85 03 
[Info] SiCard6 192 Punches Mode Disabled
SEND 02 F9 01 02 14 0A 03 
! ON
--> DISPATCH_READY
! READY
[Debug] Fragment
READ 02 F9 03 00 12 02 76 78 03 
! PROCESSING
--> DISPATCH_READY
! READY
! OFF
###### 
Sun Jul 23 10:20:00 CEST 2017 Start /dev/ttyUSB0
! STARTING
SEND FF 02 02 F0 01 4D 6D 0A 03 
SEND FF 02 02 F0 01 4D 6D 0A 03 
[Debug] Fragment
READ 02 F0 03 00 12 4D 8D 78 03 
SEND 02 83 02 74 01 04 14 03 
--> CONFIG_CHECK
[Debug] Fragment
READ 02 83 04 00 12 74 05 30 1B 03 
SEND 02 83 02 33 01 16 11 03 
--> SI6_CARDBLOCKS_SETTING
[Debug] Fragment
READ 02 83 04 00 12 33 C1 A0 85 03 
[Info] SiCard6 192 Punches Mode Disabled
SEND 02 F9 01 02 14 0A 03 
! ON
--> DISPATCH_READY
! READY
[Debug] Fragment
READ 02 F9 03 00 12 02 76 78 03 
! PROCESSING
--> DISPATCH_READY
! READY
! OFF
###### 
Sun Jul 23 10:34:10 CEST 2017 Start /dev/ttyUSB0
! STARTING
SEND FF 02 02 F0 01 4D 6D 0A 03 
SEND FF 02 02 F0 01 4D 6D 0A 03 
[Debug] Fragment
READ 02 F0 03 00 12 4D 8D 78 03 
SEND 02 83 02 74 01 04 14 03 
--> CONFIG_CHECK
[Debug] Fragment
READ 02 83 04 00 12 74 05 30 1B 03 
SEND 02 83 02 33 01 16 11 03 
--> SI6_CARDBLOCKS_SETTING
[Debug] Fragment
READ 02 83 04 00 12 33 C1 A0 85 03 
[Info] SiCard6 192 Punches Mode Disabled
SEND 02 F9 01 02 14 0A 03 
! ON
--> DISPATCH_READY
! READY
[Debug] Fragment
READ 02 F9 03 00 12 02 76 78 03 
! PROCESSING
--> DISPATCH_READY
! READY
! OFF
###### 
Sun Jul 23 10:34:18 CEST 2017 Start /dev/ttyUSB0
! STARTING
SEND FF 02 02 F0 01 4D 6D 0A 03 
SEND FF 02 02 F0 01 4D 6D 0A 03 
[Debug] Fragment
READ 02 F0 03 00 12 4D 8D 78 03 
SEND 02 83 02 74 01 04 14 03 
--> CONFIG_CHECK
[Debug] Fragment
READ 02 83 04 00 12 74 05 30 1B 03 
SEND 02 83 02 33 01 16 11 03 
--> SI6_CARDBLOCKS_SETTING
[Debug] Fragment
READ 02 83 04 00 12 33 C1 A0 85 03 
[Info] SiCard6 192 Punches Mode Disabled
SEND 02 F9 01 02 14 0A 03 
! ON
--> DISPATCH_READY
! READY
[Debug] Fragment
READ 02 F9 03 00 12 02 76 78 03 
! PROCESSING
--> DISPATCH_READY
! READY
! OFF
###### 
Sun Jul 23 10:36:40 CEST 2017 Start /dev/ttyUSB0
! STARTING
SEND FF 02 02 F0 01 4D 6D 0A 03 
SEND FF 02 02 F0 01 4D 6D 0A 03 
[Debug] Fragment
READ 02 F0 03 00 12 4D 8D 78 03 
SEND 02 83 02 74 01 04 14 03 
--> CONFIG_CHECK
[Debug] Fragment
READ 02 83 04 00 12 74 05 30 1B 03 
SEND 02 83 02 33 01 16 11 03 
--> SI6_CARDBLOCKS_SETTING
[Debug] Fragment
READ 02 83 04 00 12 33 C1 A0 85 03 
[Info] SiCard6 192 Punches Mode Disabled
SEND 02 F9 01 02 14 0A 03 
! ON
--> DISPATCH_READY
! READY
[Debug] Fragment
READ 02 F9 03 00 12 02 76 78 03 
! PROCESSING
--> DISPATCH_READY
! READY
! OFF
###### 
Sun Jul 23 11:29:53 CEST 2017 Start /dev/ttyUSB0
! STARTING
SEND FF 02 02 F0 01 4D 6D 0A 03 
SEND FF 02 02 F0 01 4D 6D 0A 03 
[Debug] Fragment
READ 02 F0 03 00 12 4D 8D 78 03 
SEND 02 83 02 74 01 04 14 03 
--> CONFIG_CHECK
[Debug] Fragment
READ 02 83 04 00 12 74 05 30 1B 03 
SEND 02 83 02 33 01 16 11 03 
--> SI6_CARDBLOCKS_SETTING
[Debug] Fragment
READ 02 83 04 00 12 33 C1 A0 85 03 
[Info] SiCard6 192 Punches Mode Disabled
SEND 02 F9 01 02 14 0A 03 
! ON
--> DISPATCH_READY
! READY
[Debug] Fragment
READ 02 F9 03 00 12 02 76 78 03 
! PROCESSING
--> DISPATCH_READY
! READY
! OFF
###### 
Sun Jul 23 11:32:51 CEST 2017 Start /dev/ttyUSB0
! STARTING
SEND FF 02 02 F0 01 4D 6D 0A 03 
SEND FF 02 02 F0 01 4D 6D 0A 03 
[Debug] Fragment
READ 02 F0 03 00 12 4D 8D 78 03 
SEND 02 83 02 74 01 04 14 03 
--> CONFIG_CHECK
[Debug] Fragment
READ 02 83 04 00 12 74 05 30 1B 03 
SEND 02 83 02 33 01 16 11 03 
--> SI6_CARDBLOCKS_SETTING
[Debug] Fragment
READ 02 83 04 00 12 33 C1 A0 85 03 
[Info] SiCard6 192 Punches Mode Disabled
SEND 02 F9 01 02 14 0A 03 
! ON
--> DISPATCH_READY
! READY
[Debug] Fragment
READ 02 F9 03 00 12 02 76 78 03 
! PROCESSING
--> DISPATCH_READY
! READY
! OFF
###### 
Sun Jul 23 11:42:31 CEST 2017 Start COM3
! STARTING
SEND FF 02 02 F0 01 4D 6D 0A 03 
SEND FF 02 02 F0 01 4D 6D 0A 03 
[Debug] Fragment
[Debug] Fragment
[Debug] Fragment
[Debug] Fragment
READ 02 F0 03 00 12 4D 8D 78 03 
SEND 02 83 02 74 01 04 14 03 
--> CONFIG_CHECK
[Debug] Fragment
[Debug] Fragment
READ 02 83 04 00 12 74 05 30 1B 03 
SEND 02 83 02 33 01 16 11 03 
--> SI6_CARDBLOCKS_SETTING
[Debug] Fragment
[Debug] Fragment
READ 02 83 04 00 12 33 C1 A0 85 03 
[Info] SiCard6 192 Punches Mode Disabled
SEND 02 F9 01 02 14 0A 03 
! ON
--> DISPATCH_READY
! READY
[Debug] Fragment
[Debug] Fragment
READ 02 F9 03 00 12 02 76 78 03 
! PROCESSING
--> DISPATCH_READY
! READY
[Debug] Fragment
[Debug] Fragment
[Debug] Fragment
READ 02 E8 06 00 12 02 20 30 B5 0A 7A 03 
! PROCESSING
--> RETRIEVE_SICARD_8_9_DATA
SEND 02 EF 01 00 E2 09 03 
[Debug] Fragment
[Debug] Fragment
[Debug] Fragment
[Debug] Fragment
[Debug] Fragment
[Debug] Fragment
[Debug] Fragment
[Debug] Fragment
[Debug] Fragment
[Debug] Fragment
[Debug] Fragment
[Debug] Fragment
[Debug] Fragment
[Debug] Fragment
[Debug] Fragment
[Debug] Fragment
[Debug] Fragment
[Debug] Fragment
[Debug] Fragment
[Debug] Fragment
[Debug] Fragment
[Debug] Fragment
[Debug] Fragment
[Debug] Fragment
[Debug] Fragment
[Debug] Fragment
[Debug] Fragment
[Debug] Fragment
[Debug] Fragment
[Debug] Fragment
[Debug] Fragment
[Debug] Fragment
[Debug] Fragment
[Debug] Fragment
[Debug] Fragment
[Debug] Fragment
[Debug] Fragment
[Debug] Fragment
[Debug] Fragment
[Debug] Fragment
[Debug] Fragment
[Debug] Fragment
[Debug] Fragment
[Debug] Fragment
[Debug] Fragment
[Debug] Fragment
[Debug] Fragment
[Debug] Fragment
[Debug] Fragment
[Debug] Fragment
[Debug] Fragment
[Debug] Fragment
[Debug] Fragment
READ 02 EF 83 00 12 00 5D E9 66 8E EA EA EA EA EE EE EE EE EE EE EE EE EE EE EE EE 00 00 00 2E 02 20 30 B5 0C FF BA 35 2E 3B 55 4E 53 53 20 56 65 6E 64 65 65 3B 00 00 49 44 3B 00 00 00 00 00 00 00 00 00 00 00 00 00 00 00 00 00 00 00 00 00 00 00 00 00 00 00 00 00 00 00 00 00 00 00 00 00 00 00 00 00 00 00 00 00 00 00 00 00 00 00 00 00 00 00 00 00 00 00 00 00 00 00 00 00 00 00 00 00 00 00 00 00 00 00 00 00 8C 56 03 
SEND 02 EF 01 01 E3 09 03 
[Debug] Fragment
[Debug] Fragment
[Debug] Fragment
[Debug] Fragment
[Debug] Fragment
[Debug] Fragment
[Debug] Fragment
[Debug] Fragment
[Debug] Fragment
[Debug] Fragment
[Debug] Fragment
[Debug] Fragment
[Debug] Fragment
[Debug] Fragment
[Debug] Fragment
[Debug] Fragment
[Debug] Fragment
[Debug] Fragment
[Debug] Fragment
[Debug] Fragment
[Debug] Fragment
[Debug] Fragment
[Debug] Fragment
[Debug] Fragment
[Debug] Fragment
[Debug] Fragment
[Debug] Fragment
[Debug] Fragment
[Debug] Fragment
[Debug] Fragment
[Debug] Fragment
[Debug] Fragment
[Debug] Fragment
[Debug] Fragment
[Debug] Fragment
[Debug] Fragment
[Debug] Fragment
[Debug] Fragment
[Debug] Fragment
[Debug] Fragment
[Debug] Fragment
[Debug] Fragment
[Debug] Fragment
[Debug] Fragment
[Debug] Fragment
[Debug] Fragment
[Debug] Fragment
[Debug] Fragment
[Debug] Fragment
[Debug] Fragment
[Debug] Fragment
[Debug] Fragment
[Debug] Fragment
READ 02 EF 83 00 12 01 00 00 00 00 00 00 00 00 EE EE EE EE EE EE EE EE EE EE EE EE EE EE EE EE EE EE EE EE EE EE EE EE EE EE EE EE EE EE EE EE EE EE EE EE EE EE EE EE EE EE EE EE EE EE EE EE EE EE EE EE EE EE EE EE EE EE EE EE EE EE EE EE EE EE EE EE EE EE EE EE EE EE EE EE EE EE EE EE EE EE EE EE EE EE EE EE EE EE EE EE EE EE EE EE EE EE EE EE EE EE EE EE EE EE EE EE EE EE EE EE EE EE EE EE EE EE EE EE 04 FA 03 
SEND 06 
--> WAIT_SICARD_REMOVAL
[Debug] Fragment
READ 02 E7 06 00 12 00 20 30 B5 52 5B 03 
--> DISPATCH_READY
! READY
[Debug] Fragment
[Debug] Fragment
[Debug] Fragment
READ 02 E8 06 00 12 02 20 30 AD 0A 2A 03 
! PROCESSING
--> RETRIEVE_SICARD_8_9_DATA
SEND 02 EF 01 00 E2 09 03 
[Debug] Fragment
[Debug] Fragment
[Debug] Fragment
[Debug] Fragment
[Debug] Fragment
[Debug] Fragment
[Debug] Fragment
[Debug] Fragment
[Debug] Fragment
[Debug] Fragment
[Debug] Fragment
[Debug] Fragment
[Debug] Fragment
[Debug] Fragment
[Debug] Fragment
[Debug] Fragment
[Debug] Fragment
[Debug] Fragment
[Debug] Fragment
[Debug] Fragment
[Debug] Fragment
[Debug] Fragment
[Debug] Fragment
[Debug] Fragment
[Debug] Fragment
[Debug] Fragment
[Debug] Fragment
[Debug] Fragment
[Debug] Fragment
[Debug] Fragment
[Debug] Fragment
[Debug] Fragment
[Debug] Fragment
[Debug] Fragment
[Debug] Fragment
[Debug] Fragment
[Debug] Fragment
[Debug] Fragment
[Debug] Fragment
[Debug] Fragment
[Debug] Fragment
[Debug] Fragment
[Debug] Fragment
[Debug] Fragment
[Debug] Fragment
[Debug] Fragment
[Debug] Fragment
[Debug] Fragment
[Debug] Fragment
[Debug] Fragment
[Debug] Fragment
[Debug] Fragment
[Debug] Fragment
READ 02 EF 83 00 12 00 91 E5 66 8E EA EA EA EA 36 02 94 05 36 03 9F 48 37 04 28 FE 00 9C 0F 5D 02 20 30 AD 0C FF D7 EE 2E 3B 55 4E 53 53 20 56 65 6E 64 65 65 3B 00 00 49 44 3B 00 00 00 00 00 00 00 00 00 00 00 00 00 00 00 00 00 00 00 00 00 00 00 00 00 00 00 00 00 00 00 00 00 00 00 00 00 00 00 00 00 00 00 00 00 00 00 00 00 00 00 00 00 00 00 00 00 00 00 00 00 00 00 00 00 00 00 00 00 00 00 00 00 00 00 00 00 4C 80 03 
SEND 02 EF 01 01 E3 09 03 
[Debug] Fragment
[Debug] Fragment
[Debug] Fragment
[Debug] Fragment
[Debug] Fragment
[Debug] Fragment
[Debug] Fragment
[Debug] Fragment
[Debug] Fragment
[Debug] Fragment
[Debug] Fragment
[Debug] Fragment
[Debug] Fragment
[Debug] Fragment
[Debug] Fragment
[Debug] Fragment
[Debug] Fragment
[Debug] Fragment
[Debug] Fragment
[Debug] Fragment
[Debug] Fragment
[Debug] Fragment
[Debug] Fragment
[Debug] Fragment
[Debug] Fragment
[Debug] Fragment
[Debug] Fragment
[Debug] Fragment
[Debug] Fragment
[Debug] Fragment
[Debug] Fragment
[Debug] Fragment
[Debug] Fragment
[Debug] Fragment
[Debug] Fragment
[Debug] Fragment
[Debug] Fragment
[Debug] Fragment
[Debug] Fragment
[Debug] Fragment
[Debug] Fragment
[Debug] Fragment
[Debug] Fragment
[Debug] Fragment
[Debug] Fragment
[Debug] Fragment
[Debug] Fragment
[Debug] Fragment
[Debug] Fragment
[Debug] Fragment
[Debug] Fragment
[Debug] Fragment
[Debug] Fragment
READ 02 EF 83 00 12 01 00 00 00 00 00 00 00 00 36 67 A2 29 36 66 A3 90 37 70 08 45 37 71 08 ED 37 6F 0A 5D 37 6B 0B 3A 37 6C 16 34 37 97 17 94 37 98 19 8B 37 99 1A 35 37 9A 1B 17 37 9F 1C 0C 37 A0 1D 92 37 9B 21 AC 37 9C 22 E9 EE EE EE EE EE EE EE EE EE EE EE EE EE EE EE EE EE EE EE EE EE EE EE EE EE EE EE EE EE EE EE EE EE EE EE EE EE EE EE EE EE EE EE EE EE EE EE EE EE EE EE EE EE EE EE EE EE EE EE EE 91 6A 03 
SEND 06 
--> WAIT_SICARD_REMOVAL
[Debug] Fragment
[Debug] Fragment
[Debug] Fragment
READ 02 E7 06 00 12 00 20 30 AD 52 0B 03 
--> DISPATCH_READY
! READY
! OFF
###### 
Sun Jul 23 11:47:38 CEST 2017 Start COM3
! STARTING
SEND FF 02 02 F0 01 4D 6D 0A 03 
SEND FF 02 02 F0 01 4D 6D 0A 03 
[Debug] Fragment
[Debug] Fragment
[Debug] Fragment
[Debug] Fragment
[Debug] Fragment
READ 02 F0 03 00 12 4D 8D 78 03 
SEND 02 83 02 74 01 04 14 03 
--> CONFIG_CHECK
[Debug] Fragment
[Debug] Fragment
READ 02 83 04 00 12 74 05 30 1B 03 
SEND 02 83 02 33 01 16 11 03 
--> SI6_CARDBLOCKS_SETTING
[Debug] Fragment
[Debug] Fragment
[Debug] Fragment
[Debug] Fragment
READ 02 83 04 00 12 33 C1 A0 85 03 
[Info] SiCard6 192 Punches Mode Disabled
SEND 02 F9 01 02 14 0A 03 
! ON
--> DISPATCH_READY
! READY
[Debug] Fragment
READ 02 F9 03 00 12 02 76 78 03 
! PROCESSING
--> DISPATCH_READY
! READY
! OFF
###### 
Sun Jul 23 11:48:11 CEST 2017 Start COM3
! STARTING
SEND FF 02 02 F0 01 4D 6D 0A 03 
SEND FF 02 02 F0 01 4D 6D 0A 03 
[Debug] Fragment
[Debug] Fragment
READ 02 F0 03 00 12 4D 8D 78 03 
SEND 02 83 02 74 01 04 14 03 
--> CONFIG_CHECK
[Debug] Fragment
[Debug] Fragment
[Debug] Fragment
READ 02 83 04 00 12 74 05 30 1B 03 
SEND 02 83 02 33 01 16 11 03 
--> SI6_CARDBLOCKS_SETTING
[Debug] Fragment
[Debug] Fragment
[Debug] Fragment
[Debug] Fragment
READ 02 83 04 00 12 33 C1 A0 85 03 
[Info] SiCard6 192 Punches Mode Disabled
SEND 02 F9 01 02 14 0A 03 
! ON
--> DISPATCH_READY
! READY
[Debug] Fragment
READ 02 F9 03 00 12 02 76 78 03 
! PROCESSING
--> DISPATCH_READY
! READY
! OFF
###### 
Sun Jul 23 12:01:21 CEST 2017 Start COM3
! STARTING
SEND FF 02 02 F0 01 4D 6D 0A 03 
SEND FF 02 02 F0 01 4D 6D 0A 03 
[Debug] Fragment
READ 02 F0 03 00 12 4D 8D 78 03 
SEND 02 83 02 74 01 04 14 03 
--> CONFIG_CHECK
[Debug] Fragment
[Debug] Fragment
[Debug] Fragment
READ 02 83 04 00 12 74 05 30 1B 03 
SEND 02 83 02 33 01 16 11 03 
--> SI6_CARDBLOCKS_SETTING
[Debug] Fragment
[Debug] Fragment
[Debug] Fragment
[Debug] Fragment
READ 02 83 04 00 12 33 C1 A0 85 03 
[Info] SiCard6 192 Punches Mode Disabled
SEND 02 F9 01 02 14 0A 03 
! ON
--> DISPATCH_READY
! READY
[Debug] Fragment
[Debug] Fragment
[Debug] Fragment
[Debug] Fragment
[Debug] Fragment
READ 02 F9 03 00 12 02 76 78 03 
! PROCESSING
--> DISPATCH_READY
! READY
! OFF
###### 
Sun Jul 23 12:01:41 CEST 2017 Start COM3
! STARTING
SEND FF 02 02 F0 01 4D 6D 0A 03 
SEND FF 02 02 F0 01 4D 6D 0A 03 
[Debug] Fragment
READ 02 F0 03 00 12 4D 8D 78 03 
SEND 02 83 02 74 01 04 14 03 
--> CONFIG_CHECK
[Debug] Fragment
[Debug] Fragment
[Debug] Fragment
READ 02 83 04 00 12 74 05 30 1B 03 
SEND 02 83 02 33 01 16 11 03 
--> SI6_CARDBLOCKS_SETTING
[Debug] Fragment
[Debug] Fragment
[Debug] Fragment
[Debug] Fragment
READ 02 83 04 00 12 33 C1 A0 85 03 
[Info] SiCard6 192 Punches Mode Disabled
SEND 02 F9 01 02 14 0A 03 
! ON
--> DISPATCH_READY
! READY
[Debug] Fragment
READ 02 F9 03 00 12 02 76 78 03 
! PROCESSING
--> DISPATCH_READY
! READY
[Debug] Fragment
[Debug] Fragment
[Debug] Fragment
[Debug] Fragment
[Debug] Fragment
READ 02 E8 06 00 12 02 20 30 AD 0A 2A 03 
! PROCESSING
--> RETRIEVE_SICARD_8_9_DATA
SEND 02 EF 01 00 E2 09 03 
[Debug] Fragment
[Debug] Fragment
[Debug] Fragment
[Debug] Fragment
[Debug] Fragment
[Debug] Fragment
[Debug] Fragment
[Debug] Fragment
[Debug] Fragment
[Debug] Fragment
[Debug] Fragment
[Debug] Fragment
[Debug] Fragment
[Debug] Fragment
[Debug] Fragment
[Debug] Fragment
[Debug] Fragment
[Debug] Fragment
[Debug] Fragment
[Debug] Fragment
[Debug] Fragment
[Debug] Fragment
[Debug] Fragment
[Debug] Fragment
[Debug] Fragment
[Debug] Fragment
[Debug] Fragment
[Debug] Fragment
[Debug] Fragment
[Debug] Fragment
[Debug] Fragment
[Debug] Fragment
[Debug] Fragment
[Debug] Fragment
[Debug] Fragment
[Debug] Fragment
[Debug] Fragment
[Debug] Fragment
[Debug] Fragment
[Debug] Fragment
[Debug] Fragment
[Debug] Fragment
[Debug] Fragment
[Debug] Fragment
[Debug] Fragment
[Debug] Fragment
[Debug] Fragment
[Debug] Fragment
[Debug] Fragment
[Debug] Fragment
[Debug] Fragment
[Debug] Fragment
[Debug] Fragment
[Debug] Fragment
[Debug] Fragment
[Debug] Fragment
READ 02 EF 83 00 12 00 91 E5 66 8E EA EA EA EA 36 02 94 05 36 03 9F 48 37 04 28 FE 00 9C 0F 5D 02 20 30 AD 0C FF D7 EE 2E 3B 55 4E 53 53 20 56 65 6E 64 65 65 3B 00 00 49 44 3B 00 00 00 00 00 00 00 00 00 00 00 00 00 00 00 00 00 00 00 00 00 00 00 00 00 00 00 00 00 00 00 00 00 00 00 00 00 00 00 00 00 00 00 00 00 00 00 00 00 00 00 00 00 00 00 00 00 00 00 00 00 00 00 00 00 00 00 00 00 00 00 00 00 00 00 00 00 4C 80 03 
SEND 02 EF 01 01 E3 09 03 
[Debug] Fragment
[Debug] Fragment
[Debug] Fragment
[Debug] Fragment
[Debug] Fragment
[Debug] Fragment
[Debug] Fragment
[Debug] Fragment
[Debug] Fragment
[Debug] Fragment
[Debug] Fragment
[Debug] Fragment
[Debug] Fragment
[Debug] Fragment
[Debug] Fragment
[Debug] Fragment
[Debug] Fragment
[Debug] Fragment
[Debug] Fragment
[Debug] Fragment
[Debug] Fragment
[Debug] Fragment
[Debug] Fragment
[Debug] Fragment
[Debug] Fragment
[Debug] Fragment
[Debug] Fragment
[Debug] Fragment
[Debug] Fragment
[Debug] Fragment
[Debug] Fragment
[Debug] Fragment
[Debug] Fragment
[Debug] Fragment
[Debug] Fragment
[Debug] Fragment
[Debug] Fragment
[Debug] Fragment
[Debug] Fragment
[Debug] Fragment
[Debug] Fragment
[Debug] Fragment
[Debug] Fragment
[Debug] Fragment
[Debug] Fragment
[Debug] Fragment
[Debug] Fragment
[Debug] Fragment
[Debug] Fragment
[Debug] Fragment
[Debug] Fragment
[Debug] Fragment
[Debug] Fragment
[Debug] Fragment
[Debug] Fragment
READ 02 EF 83 00 12 01 00 00 00 00 00 00 00 00 36 67 A2 29 36 66 A3 90 37 70 08 45 37 71 08 ED 37 6F 0A 5D 37 6B 0B 3A 37 6C 16 34 37 97 17 94 37 98 19 8B 37 99 1A 35 37 9A 1B 17 37 9F 1C 0C 37 A0 1D 92 37 9B 21 AC 37 9C 22 E9 EE EE EE EE EE EE EE EE EE EE EE EE EE EE EE EE EE EE EE EE EE EE EE EE EE EE EE EE EE EE EE EE EE EE EE EE EE EE EE EE EE EE EE EE EE EE EE EE EE EE EE EE EE EE EE EE EE EE EE EE 91 6A 03 
SEND 06 
--> WAIT_SICARD_REMOVAL
[Debug] Fragment
[Debug] Fragment
READ 02 E7 06 00 12 00 20 30 AD 52 0B 03 
--> DISPATCH_READY
! READY
! OFF
###### 
Sun Jul 23 12:02:57 CEST 2017 Start COM3
! STARTING
SEND FF 02 02 F0 01 4D 6D 0A 03 
SEND FF 02 02 F0 01 4D 6D 0A 03 
[Debug] Fragment
[Debug] Fragment
READ 02 F0 03 00 12 4D 8D 78 03 
SEND 02 83 02 74 01 04 14 03 
--> CONFIG_CHECK
[Debug] Fragment
[Debug] Fragment
[Debug] Fragment
[Debug] Fragment
READ 02 83 04 00 12 74 05 30 1B 03 
SEND 02 83 02 33 01 16 11 03 
--> SI6_CARDBLOCKS_SETTING
[Debug] Fragment
READ 02 83 04 00 12 33 C1 A0 85 03 
[Info] SiCard6 192 Punches Mode Disabled
SEND 02 F9 01 02 14 0A 03 
! ON
--> DISPATCH_READY
! READY
[Debug] Fragment
[Debug] Fragment
[Debug] Fragment
READ 02 F9 03 00 12 02 76 78 03 
! PROCESSING
--> DISPATCH_READY
! READY
! OFF
###### 
Sun Jul 23 12:03:36 CEST 2017 Start COM3
! STARTING
SEND FF 02 02 F0 01 4D 6D 0A 03 
SEND FF 02 02 F0 01 4D 6D 0A 03 
[Debug] Fragment
[Debug] Fragment
[Debug] Fragment
[Debug] Fragment
READ 02 F0 03 00 12 4D 8D 78 03 
SEND 02 83 02 74 01 04 14 03 
--> CONFIG_CHECK
[Debug] Fragment
[Debug] Fragment
[Debug] Fragment
[Debug] Fragment
[Debug] Fragment
READ 02 83 04 00 12 74 05 30 1B 03 
SEND 02 83 02 33 01 16 11 03 
--> SI6_CARDBLOCKS_SETTING
[Debug] Fragment
[Debug] Fragment
READ 02 83 04 00 12 33 C1 A0 85 03 
[Info] SiCard6 192 Punches Mode Disabled
SEND 02 F9 01 02 14 0A 03 
! ON
--> DISPATCH_READY
! READY
[Debug] Fragment
[Debug] Fragment
[Debug] Fragment
READ 02 F9 03 00 12 02 76 78 03 
! PROCESSING
--> DISPATCH_READY
! READY
! OFF
###### 
Sun Jul 23 12:06:14 CEST 2017 Start COM3
! STARTING
SEND FF 02 02 F0 01 4D 6D 0A 03 
SEND FF 02 02 F0 01 4D 6D 0A 03 
[Debug] Fragment
[Debug] Fragment
READ 02 F0 03 00 12 4D 8D 78 03 
SEND 02 83 02 74 01 04 14 03 
--> CONFIG_CHECK
[Debug] Fragment
[Debug] Fragment
[Debug] Fragment
[Debug] Fragment
READ 02 83 04 00 12 74 05 30 1B 03 
SEND 02 83 02 33 01 16 11 03 
--> SI6_CARDBLOCKS_SETTING
[Debug] Fragment
[Debug] Fragment
[Debug] Fragment
[Debug] Fragment
[Debug] Fragment
READ 02 83 04 00 12 33 C1 A0 85 03 
[Info] SiCard6 192 Punches Mode Disabled
SEND 02 F9 01 02 14 0A 03 
! ON
--> DISPATCH_READY
! READY
[Debug] Fragment
[Debug] Fragment
[Debug] Fragment
[Debug] Fragment
READ 02 F9 03 00 12 02 76 78 03 
! PROCESSING
--> DISPATCH_READY
! READY
! OFF
###### 
Sun Jul 23 14:23:01 CEST 2017 Start /dev/ttyUSB0
! STARTING
SEND FF 02 02 F0 01 4D 6D 0A 03 
SEND FF 02 02 F0 01 4D 6D 0A 03 
[Debug] Fragment
READ 02 F0 03 00 12 4D 8D 78 03 
SEND 02 83 02 74 01 04 14 03 
--> CONFIG_CHECK
[Debug] Fragment
READ 02 83 04 00 12 74 05 30 1B 03 
SEND 02 83 02 33 01 16 11 03 
--> SI6_CARDBLOCKS_SETTING
[Debug] Fragment
READ 02 83 04 00 12 33 C1 A0 85 03 
[Info] SiCard6 192 Punches Mode Disabled
SEND 02 F9 01 02 14 0A 03 
! ON
--> DISPATCH_READY
! READY
[Debug] Fragment
READ 02 F9 03 00 12 02 76 78 03 
! PROCESSING
--> DISPATCH_READY
! READY
! OFF
###### 
Sun Jul 23 15:48:38 CEST 2017 Start /dev/ttyUSB0
! STARTING
SEND FF 02 02 F0 01 4D 6D 0A 03 
SEND FF 02 02 F0 01 4D 6D 0A 03 
[Debug] Fragment
READ 02 F0 03 00 12 4D 8D 78 03 
SEND 02 83 02 74 01 04 14 03 
--> CONFIG_CHECK
[Debug] Fragment
READ 02 83 04 00 12 74 05 30 1B 03 
SEND 02 83 02 33 01 16 11 03 
--> SI6_CARDBLOCKS_SETTING
[Debug] Fragment
READ 02 83 04 00 12 33 C1 A0 85 03 
[Info] SiCard6 192 Punches Mode Disabled
SEND 02 F9 01 02 14 0A 03 
! ON
--> DISPATCH_READY
! READY
[Debug] Fragment
READ 02 F9 03 00 12 02 76 78 03 
! PROCESSING
--> DISPATCH_READY
! READY
! OFF
###### 
Sun Jul 23 15:52:40 CEST 2017 Start /dev/ttyUSB0
! STARTING
SEND FF 02 02 F0 01 4D 6D 0A 03 
SEND FF 02 02 F0 01 4D 6D 0A 03 
[Debug] Fragment
READ 02 F0 03 00 12 4D 8D 78 03 
SEND 02 83 02 74 01 04 14 03 
--> CONFIG_CHECK
[Debug] Fragment
READ 02 83 04 00 12 74 05 30 1B 03 
SEND 02 83 02 33 01 16 11 03 
--> SI6_CARDBLOCKS_SETTING
[Debug] Fragment
READ 02 83 04 00 12 33 C1 A0 85 03 
[Info] SiCard6 192 Punches Mode Disabled
SEND 02 F9 01 02 14 0A 03 
! ON
--> DISPATCH_READY
! READY
[Debug] Fragment
READ 02 F9 03 00 12 02 76 78 03 
! PROCESSING
--> DISPATCH_READY
! READY
! OFF
###### 
Sun Jul 23 15:54:10 CEST 2017 Start /dev/ttyUSB0
! STARTING
SEND FF 02 02 F0 01 4D 6D 0A 03 
SEND FF 02 02 F0 01 4D 6D 0A 03 
[Debug] Fragment
READ 02 F0 03 00 12 4D 8D 78 03 
SEND 02 83 02 74 01 04 14 03 
--> CONFIG_CHECK
[Debug] Fragment
READ 02 83 04 00 12 74 05 30 1B 03 
SEND 02 83 02 33 01 16 11 03 
--> SI6_CARDBLOCKS_SETTING
[Debug] Fragment
READ 02 83 04 00 12 33 C1 A0 85 03 
[Info] SiCard6 192 Punches Mode Disabled
SEND 02 F9 01 02 14 0A 03 
! ON
--> DISPATCH_READY
! READY
[Debug] Fragment
READ 02 F9 03 00 12 02 76 78 03 
! PROCESSING
--> DISPATCH_READY
! READY
###### 
Sun Jul 23 15:54:49 CEST 2017 Start /dev/ttyUSB0
! STARTING
SEND FF 02 02 F0 01 4D 6D 0A 03 
SEND FF 02 02 F0 01 4D 6D 0A 03 
[Debug] Fragment
READ 02 F0 03 00 12 4D 8D 78 03 
SEND 02 83 02 74 01 04 14 03 
--> CONFIG_CHECK
[Debug] Fragment
READ 02 83 04 00 12 74 05 30 1B 03 
SEND 02 83 02 33 01 16 11 03 
--> SI6_CARDBLOCKS_SETTING
[Debug] Fragment
READ 02 83 04 00 12 33 C1 A0 85 03 
[Info] SiCard6 192 Punches Mode Disabled
SEND 02 F9 01 02 14 0A 03 
! ON
--> DISPATCH_READY
! READY
[Debug] Fragment
READ 02 F9 03 00 12 02 76 78 03 
! PROCESSING
--> DISPATCH_READY
! READY
! OFF
###### 
Sun Jul 23 15:54:55 CEST 2017 Start /dev/ttyUSB0
! STARTING
SEND FF 02 02 F0 01 4D 6D 0A 03 
SEND FF 02 02 F0 01 4D 6D 0A 03 
[Debug] Fragment
READ 02 F0 03 00 12 4D 8D 78 03 
SEND 02 83 02 74 01 04 14 03 
--> CONFIG_CHECK
[Debug] Fragment
READ 02 83 04 00 12 74 05 30 1B 03 
SEND 02 83 02 33 01 16 11 03 
--> SI6_CARDBLOCKS_SETTING
[Debug] Fragment
READ 02 83 04 00 12 33 C1 A0 85 03 
[Info] SiCard6 192 Punches Mode Disabled
SEND 02 F9 01 02 14 0A 03 
! ON
--> DISPATCH_READY
! READY
[Debug] Fragment
READ 02 F9 03 00 12 02 76 78 03 
! PROCESSING
--> DISPATCH_READY
! READY
! OFF
###### 
Mon Jul 24 00:38:12 CEST 2017 Start /dev/ttyUSB0
! STARTING
SEND FF 02 02 F0 01 4D 6D 0A 03 
SEND FF 02 02 F0 01 4D 6D 0A 03 
[Debug] Fragment
READ 02 F0 03 00 12 4D 8D 78 03 
SEND 02 83 02 74 01 04 14 03 
--> CONFIG_CHECK
[Debug] Fragment
READ 02 83 04 00 12 74 05 30 1B 03 
SEND 02 83 02 33 01 16 11 03 
--> SI6_CARDBLOCKS_SETTING
[Debug] Fragment
READ 02 83 04 00 12 33 C1 A0 85 03 
[Info] SiCard6 192 Punches Mode Disabled
SEND 02 F9 01 02 14 0A 03 
! ON
--> DISPATCH_READY
! READY
[Debug] Fragment
READ 02 F9 03 00 12 02 76 78 03 
! PROCESSING
--> DISPATCH_READY
! READY
[Debug] Fragment
[Debug] Fragment
READ 02 E8 06 00 12 02 20 30 AD 0A 2A 03 
! PROCESSING
--> RETRIEVE_SICARD_8_9_DATA
SEND 02 EF 01 00 E2 09 03 
[Debug] Fragment
[Debug] Fragment
[Debug] Fragment
[Debug] Fragment
[Debug] Fragment
[Debug] Fragment
[Debug] Fragment
[Debug] Fragment
[Debug] Fragment
[Debug] Fragment
[Debug] Fragment
[Debug] Fragment
[Debug] Fragment
[Debug] Fragment
READ 02 EF 83 00 12 00 91 E5 66 8E EA EA EA EA 36 02 94 05 36 03 9F 48 37 04 28 FE 00 9C 0F 5D 02 20 30 AD 0C FF D7 EE 2E 3B 55 4E 53 53 20 56 65 6E 64 65 65 3B 00 00 49 44 3B 00 00 00 00 00 00 00 00 00 00 00 00 00 00 00 00 00 00 00 00 00 00 00 00 00 00 00 00 00 00 00 00 00 00 00 00 00 00 00 00 00 00 00 00 00 00 00 00 00 00 00 00 00 00 00 00 00 00 00 00 00 00 00 00 00 00 00 00 00 00 00 00 00 00 00 00 00 4C 80 03 
SEND 02 EF 01 01 E3 09 03 
[Debug] Fragment
[Debug] Fragment
[Debug] Fragment
[Debug] Fragment
[Debug] Fragment
[Debug] Fragment
[Debug] Fragment
[Debug] Fragment
[Debug] Fragment
[Debug] Fragment
[Debug] Fragment
[Debug] Fragment
[Debug] Fragment
[Debug] Fragment
READ 02 EF 83 00 12 01 00 00 00 00 00 00 00 00 36 67 A2 29 36 66 A3 90 37 70 08 45 37 71 08 ED 37 6F 0A 5D 37 6B 0B 3A 37 6C 16 34 37 97 17 94 37 98 19 8B 37 99 1A 35 37 9A 1B 17 37 9F 1C 0C 37 A0 1D 92 37 9B 21 AC 37 9C 22 E9 EE EE EE EE EE EE EE EE EE EE EE EE EE EE EE EE EE EE EE EE EE EE EE EE EE EE EE EE EE EE EE EE EE EE EE EE EE EE EE EE EE EE EE EE EE EE EE EE EE EE EE EE EE EE EE EE EE EE EE EE 91 6A 03 
SEND 06 
--> WAIT_SICARD_REMOVAL
[Debug] Fragment
[Debug] Fragment
READ 02 E7 06 00 12 00 20 30 AD 52 0B 03 
--> DISPATCH_READY
! READY
! OFF
###### 
Mon Jul 24 12:22:13 CEST 2017 Start /dev/ttyUSB0
! STARTING
SEND FF 02 02 F0 01 4D 6D 0A 03 
SEND FF 02 02 F0 01 4D 6D 0A 03 
[Debug] Fragment
READ 02 F0 03 00 12 4D 8D 78 03 
SEND 02 83 02 74 01 04 14 03 
--> CONFIG_CHECK
[Debug] Fragment
READ 02 83 04 00 12 74 05 30 1B 03 
SEND 02 83 02 33 01 16 11 03 
--> SI6_CARDBLOCKS_SETTING
[Debug] Fragment
READ 02 83 04 00 12 33 C1 A0 85 03 
[Info] SiCard6 192 Punches Mode Disabled
SEND 02 F9 01 02 14 0A 03 
! ON
--> DISPATCH_READY
! READY
[Debug] Fragment
READ 02 F9 03 00 12 02 76 78 03 
! PROCESSING
--> DISPATCH_READY
! READY
! OFF
###### 
Mon Jul 24 12:22:24 CEST 2017 Start /dev/ttyUSB0
! STARTING
SEND FF 02 02 F0 01 4D 6D 0A 03 
SEND FF 02 02 F0 01 4D 6D 0A 03 
[Error] Master station did not answer to startup sequence (high/low baud)
! OFF
###### 
Mon Jul 24 12:22:43 CEST 2017 Start /dev/ttyUSB0
! STARTING
SEND FF 02 02 F0 01 4D 6D 0A 03 
SEND FF 02 02 F0 01 4D 6D 0A 03 
[Debug] Fragment
READ 02 F0 03 00 12 4D 8D 78 03 
SEND 02 83 02 74 01 04 14 03 
--> CONFIG_CHECK
[Debug] Fragment
READ 02 83 04 00 12 74 05 30 1B 03 
SEND 02 83 02 33 01 16 11 03 
--> SI6_CARDBLOCKS_SETTING
[Debug] Fragment
READ 02 83 04 00 12 33 C1 A0 85 03 
[Info] SiCard6 192 Punches Mode Disabled
SEND 02 F9 01 02 14 0A 03 
! ON
--> DISPATCH_READY
! READY
[Debug] Fragment
READ 02 F9 03 00 12 02 76 78 03 
! PROCESSING
--> DISPATCH_READY
! READY
! OFF
###### 
Mon Jul 24 12:25:24 CEST 2017 Start /dev/ttyUSB0
! STARTING
SEND FF 02 02 F0 01 4D 6D 0A 03 
SEND FF 02 02 F0 01 4D 6D 0A 03 
[Debug] Fragment
READ 02 F0 03 00 12 4D 8D 78 03 
SEND 02 83 02 74 01 04 14 03 
--> CONFIG_CHECK
[Debug] Fragment
READ 02 83 04 00 12 74 05 30 1B 03 
SEND 02 83 02 33 01 16 11 03 
--> SI6_CARDBLOCKS_SETTING
[Debug] Fragment
READ 02 83 04 00 12 33 C1 A0 85 03 
[Info] SiCard6 192 Punches Mode Disabled
SEND 02 F9 01 02 14 0A 03 
! ON
--> DISPATCH_READY
! READY
[Debug] Fragment
READ 02 F9 03 00 12 02 76 78 03 
! PROCESSING
--> DISPATCH_READY
! READY
! OFF
